<?xml version="1.0" encoding="UTF-8"?>
<!-- Generated by org.testng.reporters.JUnitReportReporter -->
<testsuite skipped="0" hostname="DESKTOP-IDIDDT2" name="Academy.E2EProject.ValidateNavBar" tests="1" failures="0" timestamp="2021-07-15T23:11:39 IST" time="0.240" errors="0">
  <testcase name="ValidateNavBar" time="0.240" classname="Academy.E2EProject.ValidateNavBar"/>
  <system-out/>
</testsuite> <!-- Academy.E2EProject.ValidateNavBar -->
