<?xml version="1.0" encoding="UTF-8"?>
<!-- Generated by org.testng.reporters.JUnitReportReporter -->
<testsuite skipped="0" hostname="DESKTOP-IDIDDT2" name="Academy.E2EProject.HomePage" tests="2" failures="0" timestamp="2021-07-15T23:11:39 IST" time="19.523" errors="0">
  <testcase name="basePageNavigation" time="14.031" classname="Academy.E2EProject.HomePage"/>
  <system-out/>
  <testcase name="basePageNavigation" time="5.492" classname="Academy.E2EProject.HomePage"/>
  <system-out/>
</testsuite> <!-- Academy.E2EProject.HomePage -->
